<?xml version="1.0" encoding="UTF-8"?>
<!-- Generated by org.testng.reporters.JUnitXMLReporter -->
<testsuite hostname="IN00344" name="Command line test" tests="1" failures="1" timestamp="7 Jul 2019 11:24:29 GMT" time="0.031" errors="0">
  <testcase name="LoginPageTitleTest" time="0.014" classname="com.mmt.qa.TestCases.LoginPageTest">
    <failure type="java.lang.NullPointerException">
      <![CDATA[java.lang.NullPointerException
	at com.mmt.qa.Pages.LoginPage.validatePageTitle(LoginPage.java:43)
	at com.mmt.qa.TestCases.LoginPageTest.LoginPageTitleTest(LoginPageTest.java:35)
... Removed 34 stack frames]]>
    </failure>
  </testcase> <!-- LoginPageTitleTest -->
</testsuite> <!-- Command line test -->
