-------------------------------------------------------------------------------
Test set: TestSuite
-------------------------------------------------------------------------------
Tests run: 2, Failures: 1, Errors: 0, Skipped: 0, Time elapsed: 0.312 sec <<< FAILURE!
LoginPageTitleTest(com.mmt.qa.TestCases.LoginPageTest)  Time elapsed: 0.018 sec  <<< FAILURE!
java.lang.NullPointerException
	at com.mmt.qa.Pages.LoginPage.validatePageTitle(LoginPage.java:43)
	at com.mmt.qa.TestCases.LoginPageTest.LoginPageTitleTest(LoginPageTest.java:35)

